2022-03-05 11:23:30,068:INFO:PyCaret Supervised Module
2022-03-05 11:23:30,068:INFO:ML Usecase: classification
2022-03-05 11:23:30,069:INFO:version 2.3.6
2022-03-05 11:23:30,070:INFO:Initializing setup()
2022-03-05 11:23:30,071:INFO:setup(target=0       12314651
1       95149435
2       13092000
3       16000000
4        3923970
          ...   
7111    35402320
7112    69631118
7113    53977250
7114    14674076
7115       24517
Name: revenue, Length: 7116, dtype: int64, ml_usecase=classification, available_plots={'parameter': 'Hyperparameters', 'auc': 'AUC', 'confusion_matrix': 'Confusion Matrix', 'threshold': 'Threshold', 'pr': 'Precision Recall', 'error': 'Prediction Error', 'class_report': 'Class Report', 'rfe': 'Feature Selection', 'learning': 'Learning Curve', 'manifold': 'Manifold Learning', 'calibration': 'Calibration Curve', 'vc': 'Validation Curve', 'dimension': 'Dimensions', 'feature': 'Feature Importance', 'feature_all': 'Feature Importance (All)', 'boundary': 'Decision Boundary', 'lift': 'Lift Chart', 'gain': 'Gain Chart', 'tree': 'Decision Tree', 'ks': 'KS Statistic Plot'}, train_size=0.7, test_data=None, preprocess=True, imputation_type=simple, iterative_imputation_iters=5, categorical_features=None, categorical_imputation=constant, categorical_iterative_imputer=lightgbm, ordinal_features=None, high_cardinality_features=None, high_cardinality_method=frequency, numeric_features=None, numeric_imputation=mean, numeric_iterative_imputer=lightgbm, date_features=None, ignore_features=None, normalize=False, normalize_method=zscore, transformation=False, transformation_method=yeo-johnson, handle_unknown_categorical=True, unknown_categorical_method=least_frequent, pca=False, pca_method=linear, pca_components=None, ignore_low_variance=False, combine_rare_levels=False, rare_level_threshold=0.1, bin_numeric_features=None, remove_outliers=False, outliers_threshold=0.05, remove_multicollinearity=False, multicollinearity_threshold=0.9, remove_perfect_collinearity=True, create_clusters=False, cluster_iter=20, polynomial_features=False, polynomial_degree=2, trigonometry_features=False, polynomial_threshold=0.1, group_features=None, group_names=None, feature_selection=False, feature_selection_threshold=0.8, feature_selection_method=classic, feature_interaction=False, feature_ratio=False, interaction_threshold=0.01, fix_imbalance=False, fix_imbalance_method=None, transform_target=False, transform_target_method=box-cox, data_split_shuffle=True, data_split_stratify=False, fold_strategy=stratifiedkfold, fold=10, fold_shuffle=False, fold_groups=None, n_jobs=-1, use_gpu=False, custom_pipeline=None, html=False, session_id=None, log_experiment=False, experiment_name=None, log_plots=False, log_profile=False, log_data=False, silent=True, verbose=False, profile=False, profile_kwargs=None, display=None)
2022-03-05 11:23:30,071:INFO:Checking environment
2022-03-05 11:23:30,071:INFO:python_version: 3.8.8
2022-03-05 11:23:30,072:INFO:python_build: ('default', 'Apr 13 2021 12:59:45')
2022-03-05 11:23:30,072:INFO:machine: x86_64
2022-03-05 11:23:30,161:INFO:platform: macOS-10.16-x86_64-i386-64bit
2022-03-05 11:23:30,163:INFO:Memory: svmem(total=8589934592, available=2183307264, percent=74.6, used=4214042624, free=35237888, active=2126876672, inactive=2146914304, wired=2087165952)
2022-03-05 11:23:30,163:INFO:Physical Core: 2
2022-03-05 11:23:30,163:INFO:Logical Core: 4
2022-03-05 11:23:30,164:INFO:Checking libraries
2022-03-05 11:23:30,165:INFO:pd==1.2.4
2022-03-05 11:23:30,165:INFO:numpy==1.19.5
2022-03-05 11:23:30,165:INFO:sklearn==0.23.2
2022-03-05 11:23:30,165:INFO:lightgbm==3.3.2
2022-03-05 11:23:30,167:WARNING:catboost not found
2022-03-05 11:23:30,235:INFO:xgboost==1.5.2
2022-03-05 11:23:31,037:INFO:mlflow==1.24.0
2022-03-05 11:23:31,037:INFO:Checking Exceptions
2022-03-05 11:26:04,427:INFO:PyCaret Supervised Module
2022-03-05 11:26:04,427:INFO:ML Usecase: classification
2022-03-05 11:26:04,428:INFO:version 2.3.6
2022-03-05 11:26:04,429:INFO:Initializing setup()
2022-03-05 11:26:04,429:INFO:setup(target=revenue, ml_usecase=classification, available_plots={'parameter': 'Hyperparameters', 'auc': 'AUC', 'confusion_matrix': 'Confusion Matrix', 'threshold': 'Threshold', 'pr': 'Precision Recall', 'error': 'Prediction Error', 'class_report': 'Class Report', 'rfe': 'Feature Selection', 'learning': 'Learning Curve', 'manifold': 'Manifold Learning', 'calibration': 'Calibration Curve', 'vc': 'Validation Curve', 'dimension': 'Dimensions', 'feature': 'Feature Importance', 'feature_all': 'Feature Importance (All)', 'boundary': 'Decision Boundary', 'lift': 'Lift Chart', 'gain': 'Gain Chart', 'tree': 'Decision Tree', 'ks': 'KS Statistic Plot'}, train_size=0.7, test_data=None, preprocess=True, imputation_type=simple, iterative_imputation_iters=5, categorical_features=None, categorical_imputation=constant, categorical_iterative_imputer=lightgbm, ordinal_features=None, high_cardinality_features=None, high_cardinality_method=frequency, numeric_features=None, numeric_imputation=mean, numeric_iterative_imputer=lightgbm, date_features=None, ignore_features=None, normalize=False, normalize_method=zscore, transformation=False, transformation_method=yeo-johnson, handle_unknown_categorical=True, unknown_categorical_method=least_frequent, pca=False, pca_method=linear, pca_components=None, ignore_low_variance=False, combine_rare_levels=False, rare_level_threshold=0.1, bin_numeric_features=None, remove_outliers=False, outliers_threshold=0.05, remove_multicollinearity=False, multicollinearity_threshold=0.9, remove_perfect_collinearity=True, create_clusters=False, cluster_iter=20, polynomial_features=False, polynomial_degree=2, trigonometry_features=False, polynomial_threshold=0.1, group_features=None, group_names=None, feature_selection=False, feature_selection_threshold=0.8, feature_selection_method=classic, feature_interaction=False, feature_ratio=False, interaction_threshold=0.01, fix_imbalance=False, fix_imbalance_method=None, transform_target=False, transform_target_method=box-cox, data_split_shuffle=True, data_split_stratify=False, fold_strategy=stratifiedkfold, fold=10, fold_shuffle=False, fold_groups=None, n_jobs=-1, use_gpu=False, custom_pipeline=None, html=False, session_id=None, log_experiment=False, experiment_name=None, log_plots=False, log_profile=False, log_data=False, silent=True, verbose=False, profile=False, profile_kwargs=None, display=None)
2022-03-05 11:26:04,429:INFO:Checking environment
2022-03-05 11:26:04,430:INFO:python_version: 3.8.8
2022-03-05 11:26:04,430:INFO:python_build: ('default', 'Apr 13 2021 12:59:45')
2022-03-05 11:26:04,430:INFO:machine: x86_64
2022-03-05 11:26:04,430:INFO:platform: macOS-10.16-x86_64-i386-64bit
2022-03-05 11:26:04,430:INFO:Memory: svmem(total=8589934592, available=2316922880, percent=73.0, used=4050976768, free=53850112, active=2253312000, inactive=2261655552, wired=1797664768)
2022-03-05 11:26:04,430:INFO:Physical Core: 2
2022-03-05 11:26:04,430:INFO:Logical Core: 4
2022-03-05 11:26:04,430:INFO:Checking libraries
2022-03-05 11:26:04,430:INFO:pd==1.2.4
2022-03-05 11:26:04,431:INFO:numpy==1.19.5
2022-03-05 11:26:04,432:INFO:sklearn==0.23.2
2022-03-05 11:26:04,432:INFO:lightgbm==3.3.2
2022-03-05 11:26:04,434:WARNING:catboost not found
2022-03-05 11:26:04,434:INFO:xgboost==1.5.2
2022-03-05 11:26:04,434:INFO:mlflow==1.24.0
2022-03-05 11:26:04,434:INFO:Checking Exceptions
2022-03-05 11:26:04,434:INFO:Declaring global variables
2022-03-05 11:26:04,434:INFO:USI: 152a
2022-03-05 11:26:04,434:INFO:pycaret_globals: {'fix_imbalance_method_param', 'y_train', 'fold_groups_param_full', 'experiment__', '_all_metrics', 'pycaret_globals', 'fix_imbalance_param', 'fold_groups_param', 'stratify_param', 'USI', 'gpu_param', 'fold_param', 'logging_param', 'X_train', 'fold_shuffle_param', 'y', 'display_container', 'iterative_imputation_iters_param', 'transform_target_param', 'X_test', 'y_test', 'n_jobs_param', 'target_param', 'seed', 'fold_generator', '_available_plots', 'prep_pipe', '_gpu_n_jobs_param', 'create_model_container', 'log_plots_param', 'X', '_ml_usecase', 'master_model_container', '_internal_pipeline', '_all_models', 'exp_name_log', 'data_before_preprocess', 'imputation_classifier', 'transform_target_method_param', '_all_models_internal', 'html_param', 'imputation_regressor'}
2022-03-05 11:26:04,434:INFO:Preparing display monitor
2022-03-05 11:26:04,435:INFO:Importing libraries
2022-03-05 11:26:04,435:INFO:Copying data for preprocessing
2022-03-05 11:26:04,443:INFO:Declaring preprocessing parameters
2022-03-05 11:26:04,456:INFO:Creating preprocessing pipeline
2022-03-05 11:26:04,811:INFO:Preprocessing pipeline created successfully
2022-03-05 11:26:04,811:ERROR:(Process Exit): setup has been interupted with user command 'quit'. setup must rerun.
2022-03-05 11:26:04,812:INFO:Creating global containers
2022-03-05 11:26:04,814:INFO:Internal pipeline: Pipeline(memory=None, steps=[('empty_step', 'passthrough')], verbose=False)
2022-03-05 11:26:11,873:WARNING:Couldn't import catboost.CatBoostClassifier
2022-03-05 11:26:12,017:WARNING:Couldn't import catboost.CatBoostClassifier
2022-03-05 11:26:12,019:INFO:Creating grid variables
2022-03-05 11:26:12,025:INFO:create_model_container: 0
2022-03-05 11:26:12,025:INFO:master_model_container: 0
2022-03-05 11:26:12,025:INFO:display_container: 1
2022-03-05 11:26:12,035:INFO:Pipeline(memory=None,
         steps=[('dtypes',
                 DataTypes_Auto_infer(categorical_features=[],
                                      display_types=False, features_todrop=[],
                                      id_columns=[],
                                      ml_usecase='classification',
                                      numerical_features=[], target='revenue',
                                      time_features=[])),
                ('imputer',
                 Simple_Imputer(categorical_strategy='not_available',
                                fill_value_categorical=None,
                                fill_value_numerical=None,
                                numeric_str...
                ('scaling', 'passthrough'), ('P_transform', 'passthrough'),
                ('binn', 'passthrough'), ('rem_outliers', 'passthrough'),
                ('cluster_all', 'passthrough'),
                ('dummy', Dummify(target='revenue')),
                ('fix_perfect', Remove_100(target='revenue')),
                ('clean_names', Clean_Colum_Names()),
                ('feature_select', 'passthrough'), ('fix_multi', 'passthrough'),
                ('dfs', 'passthrough'), ('pca', 'passthrough')],
         verbose=False)
2022-03-05 11:26:12,035:INFO:setup() succesfully completed......................................
2022-03-05 11:26:14,321:INFO:Initializing compare_models()
2022-03-05 11:26:14,324:INFO:compare_models(include=None, fold=None, round=4, cross_validation=True, sort=Accuracy, n_select=1, budget_time=None, turbo=True, errors=ignore, fit_kwargs=None, groups=None, probability_threshold=None, verbose=True, display=None, exclude=None)
2022-03-05 11:26:14,325:INFO:Checking exceptions
2022-03-05 11:26:14,328:INFO:Preparing display monitor
2022-03-05 11:26:14,329:INFO:Preparing display monitor
2022-03-05 11:26:14,333:INFO:Initializing Logistic Regression
2022-03-05 11:26:14,333:INFO:Total runtime is 2.9126803080240886e-06 minutes
2022-03-05 11:26:14,333:INFO:SubProcess create_model() called ==================================
2022-03-05 11:26:14,333:INFO:Initializing create_model()
2022-03-05 11:26:14,334:INFO:create_model(estimator=lr, fold=StratifiedKFold(n_splits=10, random_state=None, shuffle=False), round=4, cross_validation=True, predict=True, fit_kwargs={}, groups=None, refit=False, verbose=False, system=False, metrics=None, add_to_model_list=True, probability_threshold=None, display=<pycaret.internal.Display.Display object at 0x7fcab86e7a90>, kwargs={})
2022-03-05 11:26:14,334:INFO:Checking exceptions
2022-03-05 11:26:14,334:INFO:Importing libraries
2022-03-05 11:26:14,334:INFO:Copying training dataset
2022-03-05 11:26:14,335:INFO:Defining folds
2022-03-05 11:26:14,335:INFO:Declaring metric variables
2022-03-05 11:26:14,335:INFO:Importing untrained model
2022-03-05 11:26:14,336:INFO:Logistic Regression Imported succesfully
2022-03-05 11:26:14,336:INFO:Starting cross validation
2022-03-05 11:26:14,336:INFO:Cross validating with StratifiedKFold(n_splits=10, random_state=None, shuffle=False), n_jobs=-1
